<?xml version="1.0" encoding="UTF-8"?>
<!-- Generated by org.testng.reporters.JUnitReportReporter -->
<testsuite hostname="WKWIN5154091" failures="0" tests="1" name="com.qa.test.RestAssuredBasicAuth" time="2.385" errors="0" timestamp="2019-12-10T07:13:17 IST" skipped="0">
  <testcase classname="com.qa.test.RestAssuredBasicAuth" name="basicAuthTest" time="2.385"/>
</testsuite> <!-- com.qa.test.RestAssuredBasicAuth -->
