<?xml version="1.0" encoding="UTF-8"?>
<!-- Generated by org.testng.reporters.JUnitReportReporter -->
<testsuite hostname="WKWIN5154091" failures="0" tests="1" name="com.qa.test.GetCallTest" time="1.249" errors="0" timestamp="25 Sep 2019 15:43:13 GMT" skipped="0">
  <testcase classname="com.qa.test.GetCallTest" name="validateJson" time="1.249"/>
</testsuite> <!-- com.qa.test.GetCallTest -->
