<?xml version="1.0" encoding="UTF-8"?>
<!-- Generated by org.testng.reporters.JUnitReportReporter -->
<testsuite hostname="WKWIN5154091" failures="0" tests="1" name="com.qa.test.GetWithoutHeadersTest" time="2.054" errors="0" timestamp="25 Sep 2019 14:15:48 GMT" skipped="0">
  <testcase classname="com.qa.test.GetWithoutHeadersTest" name="getWithoutHeadersTest" time="2.054"/>
</testsuite> <!-- com.qa.test.GetWithoutHeadersTest -->
