<?xml version="1.0" encoding="UTF-8"?>
<!-- Generated by org.testng.reporters.JUnitReportReporter -->
<testsuite hostname="WKWIN5154091" failures="0" tests="1" name="com.qa.test.PostCallTest" time="2.438" errors="0" timestamp="25 Sep 2019 16:24:54 GMT" skipped="0">
  <testcase classname="com.qa.test.PostCallTest" name="postCallTest" time="2.438"/>
</testsuite> <!-- com.qa.test.PostCallTest -->
