<?xml version="1.0" encoding="UTF-8"?>
<!-- Generated by org.testng.reporters.JUnitReportReporter -->
<testsuite hostname="WKWIN5154091" failures="0" tests="1" name="com.qa.test.HttpClientBasicAuth" time="1.296" errors="0" timestamp="2019-12-10T23:03:09 IST" skipped="0">
  <testcase classname="com.qa.test.HttpClientBasicAuth" name="handleBasicAuthHttp" time="1.296"/>
</testsuite> <!-- com.qa.test.HttpClientBasicAuth -->
